<?xml version="1.0" encoding="UTF-8"?>
<!-- Generated by org.testng.reporters.JUnitReportReporter -->
<testsuite hostname="DESKTOP-OBHL48E" failures="0" tests="1" name="cucumber.TestngRunner" time="24.876" errors="0" timestamp="2025-02-16T01:20:47 PST" skipped="0">
  <testcase classname="cucumber.TestngRunner" name="runScenario" time="24.876"/>
</testsuite> <!-- cucumber.TestngRunner -->
