<?xml version="1.0" encoding="UTF-8"?>
<!-- Generated by org.testng.reporters.JUnitReportReporter -->
<testsuite hostname="DESKTOP-OBHL48E" failures="0" tests="1" name="selenuim_framework_design.StandAloneTest2" time="31.829" errors="0" timestamp="2025-02-15T01:04:31 PST" skipped="0">
  <testcase classname="selenuim_framework_design.StandAloneTest2" name="standAloneTest" time="31.829"/>
</testsuite> <!-- selenuim_framework_design.StandAloneTest2 -->
